<?xml version="1.0" encoding="UTF-8"?>
<testng-results skipped="0" failed="0" ignored="0" total="1" passed="1">
  <reporter-output>
  </reporter-output>
  <suite name="Suite" duration-ms="50367" started-at="2018-01-28T12:56:42Z" finished-at="2018-01-28T12:57:32Z">
    <groups>
    </groups>
    <test name="Test" duration-ms="50367" started-at="2018-01-28T12:56:42Z" finished-at="2018-01-28T12:57:32Z">
      <class name="qsp.DemoB">
        <test-method status="PASS" signature="launchB()[pri:0, instance:qsp.DemoB@59a6e353]" name="launchB" duration-ms="50305" started-at="2018-01-28T18:26:42Z" finished-at="2018-01-28T18:27:32Z">
          <reporter-output>
          </reporter-output>
        </test-method> <!-- launchB -->
      </class> <!-- qsp.DemoB -->
    </test> <!-- Test -->
  </suite> <!-- Suite -->
</testng-results>
